Arguments: 
  C:\Users\79107\scoop\apps\nvm\current\nodejs\nodejs\node.exe C:\Users\79107\scoop\apps\nodejs10\current\bin\node_modules\yarn\bin\yarn.js add github-webhook-handler

PATH: 
  C:\Program Files\PowerShell\7-preview;C:\msys64\bridge;C:\Program Files (x86)\Common Files\Intel\Shared Libraries\redist\intel64\compiler;C:\Program Files (x86)\Intel\Intel(R) Management Engine Components\iCLS\;C:\Program Files\Intel\Intel(R) Management Engine Components\iCLS\;C:\windows\system32;C:\windows;C:\windows\System32\Wbem;C:\windows\System32\WindowsPowerShell\v1.0\;C:\windows\System32\OpenSSH\;C:\Program Files\NVIDIA Corporation\NVIDIA NvDLISR;C:\Program Files\PowerShell\7-preview\preview;C:\Program Files (x86)\GtkSharp\2.12\bin;C:\Program Files\TortoiseSVN\bin;C:\Users\79107\scoop\apps\nvm\current\nodejs\nodejs;C:\Users\79107\scoop\apps\idea\current\bin;C:\Users\79107\scoop\apps\nodejs10\current\bin;C:\Users\79107\scoop\apps\nodejs10\current;C:\msys64\bridge;C:\Users\79107\scoop\apps\python37\current\scripts;C:\Users\79107\scoop\apps\ojdkbuild8\current\bin;C:\Users\79107\AppData\Local\Programs\Python\Launcher\;C:\Users\79107\scoop\shims;C:\Users\79107\AppData\Local\Microsoft\WindowsApps;C:\Program Files\flutter\bin;C:\Users\79107\AppData\Local\Android\Sdk\platform-tools;C:\Users\79107\AppData\Local\Android\Sdk\tools;C:\Users\79107\OneDrive\@shell\windows\windows_bg_paper;C:\Users\79107\OneDrive\@shell\windows;C:\Users\79107\AppData\Local\Programs\Microsoft VS Code\bin

Yarn version: 
  1.22.10

Node version: 
  16.19.0

Platform: 
  win32 x64

Trace: 
  Error: connect ETIMEDOUT 104.16.26.34:443
      at TCPConnectWrap.afterConnect [as oncomplete] (node:net:1278:16)

npm manifest: 
  {
    "name": "blog_suckson_docsify",
    "version": "2.0.0",
    "description": "suckson life",
    "main": "index.js",
    "dependencies": {
      "ali-oss": "6.3.1"
    },
    "devDependencies": {},
    "scripts": {
      "upload": "node config/upload.js",
      "makemp3": "node config/mp3.js",
      "encoding": "node config/encoding.js"
    },
    "repository": {
      "type": "git",
      "url": "git+https://github.com/Suckson/blog_Suckson_docsify.git"
    },
    "keywords": [
      "blog",
      "node",
      "js",
      "es6"
    ],
    "author": "suckson",
    "license": "ISC",
    "bugs": {
      "url": "https://github.com/Suckson/blog_Suckson_docsify/issues"
    },
    "homepage": "https://github.com/Suckson/blog_Suckson_docsify#readme"
  }

yarn manifest: 
  No manifest

Lockfile: 
  No lockfile
